[debug] [2023-04-20T01:50:43.172Z] ----------------------------------------------------------------------
[debug] [2023-04-20T01:50:43.173Z] Command:       /Users/ethanyu/.nvm/versions/node/v16.20.0/bin/node /usr/local/bin/firebase deploy
[debug] [2023-04-20T01:50:43.173Z] CLI Version:   11.27.0
[debug] [2023-04-20T01:50:43.173Z] Platform:      darwin
[debug] [2023-04-20T01:50:43.173Z] Node Version:  v16.20.0
[debug] [2023-04-20T01:50:43.177Z] Time:          Wed Apr 19 2023 21:50:43 GMT-0400 (Eastern Daylight Time)
[debug] [2023-04-20T01:50:43.177Z] ----------------------------------------------------------------------
[debug] 
[debug] [2023-04-20T01:50:43.179Z] >>> [apiv2][query] GET https://firebase-public.firebaseio.com/cli.json [none]
[debug] [2023-04-20T01:50:43.234Z] > command requires scopes: ["email","openid","https://www.googleapis.com/auth/cloudplatformprojects.readonly","https://www.googleapis.com/auth/firebase","https://www.googleapis.com/auth/cloud-platform"]
[debug] [2023-04-20T01:50:43.234Z] > authorizing via signed-in user (ethayu1@gmail.com)
[debug] [2023-04-20T01:50:43.234Z] [iam] checking project scythe-ai for permissions ["cloudfunctions.functions.create","cloudfunctions.functions.delete","cloudfunctions.functions.get","cloudfunctions.functions.list","cloudfunctions.functions.update","cloudfunctions.operations.get","datastore.indexes.create","datastore.indexes.delete","datastore.indexes.list","datastore.indexes.update","firebase.projects.get"]
[debug] [2023-04-20T01:50:43.234Z] > refreshing access token with scopes: []
[debug] [2023-04-20T01:50:43.235Z] >>> [apiv2][query] POST https://www.googleapis.com/oauth2/v3/token [none]
[debug] [2023-04-20T01:50:43.235Z] >>> [apiv2][body] POST https://www.googleapis.com/oauth2/v3/token [omitted]
[debug] [2023-04-20T01:50:43.337Z] <<< [apiv2][status] GET https://firebase-public.firebaseio.com/cli.json 200
[debug] [2023-04-20T01:50:43.337Z] <<< [apiv2][body] GET https://firebase-public.firebaseio.com/cli.json {"cloudBuildErrorAfter":1594252800000,"cloudBuildWarnAfter":1590019200000,"defaultNode10After":1594252800000,"minVersion":"3.0.5","node8DeploysDisabledAfter":1613390400000,"node8RuntimeDisabledAfter":1615809600000,"node8WarnAfter":1600128000000}
[debug] [2023-04-20T01:50:43.357Z] <<< [apiv2][status] POST https://www.googleapis.com/oauth2/v3/token 200
[debug] [2023-04-20T01:50:43.357Z] <<< [apiv2][body] POST https://www.googleapis.com/oauth2/v3/token [omitted]
[debug] [2023-04-20T01:50:43.371Z] >>> [apiv2][query] POST https://cloudresourcemanager.googleapis.com/v1/projects/scythe-ai:testIamPermissions [none]
[debug] [2023-04-20T01:50:43.371Z] >>> [apiv2][(partial)header] POST https://cloudresourcemanager.googleapis.com/v1/projects/scythe-ai:testIamPermissions x-goog-quota-user=projects/scythe-ai
[debug] [2023-04-20T01:50:43.371Z] >>> [apiv2][body] POST https://cloudresourcemanager.googleapis.com/v1/projects/scythe-ai:testIamPermissions {"permissions":["cloudfunctions.functions.create","cloudfunctions.functions.delete","cloudfunctions.functions.get","cloudfunctions.functions.list","cloudfunctions.functions.update","cloudfunctions.operations.get","datastore.indexes.create","datastore.indexes.delete","datastore.indexes.list","datastore.indexes.update","firebase.projects.get"]}
[debug] [2023-04-20T01:50:43.479Z] <<< [apiv2][status] POST https://cloudresourcemanager.googleapis.com/v1/projects/scythe-ai:testIamPermissions 200
[debug] [2023-04-20T01:50:43.479Z] <<< [apiv2][body] POST https://cloudresourcemanager.googleapis.com/v1/projects/scythe-ai:testIamPermissions {"permissions":["cloudfunctions.functions.create","cloudfunctions.functions.delete","cloudfunctions.functions.get","cloudfunctions.functions.list","cloudfunctions.functions.update","cloudfunctions.operations.get","datastore.indexes.create","datastore.indexes.delete","datastore.indexes.list","datastore.indexes.update","firebase.projects.get"]}
[debug] [2023-04-20T01:50:43.480Z] >>> [apiv2][query] POST https://iam.googleapis.com/v1/projects/scythe-ai/serviceAccounts/scythe-ai@appspot.gserviceaccount.com:testIamPermissions [none]
[debug] [2023-04-20T01:50:43.480Z] >>> [apiv2][body] POST https://iam.googleapis.com/v1/projects/scythe-ai/serviceAccounts/scythe-ai@appspot.gserviceaccount.com:testIamPermissions {"permissions":["iam.serviceAccounts.actAs"]}
[debug] [2023-04-20T01:50:43.859Z] <<< [apiv2][status] POST https://iam.googleapis.com/v1/projects/scythe-ai/serviceAccounts/scythe-ai@appspot.gserviceaccount.com:testIamPermissions 200
[debug] [2023-04-20T01:50:43.860Z] <<< [apiv2][body] POST https://iam.googleapis.com/v1/projects/scythe-ai/serviceAccounts/scythe-ai@appspot.gserviceaccount.com:testIamPermissions {"permissions":["iam.serviceAccounts.actAs"]}
[info] 
[info] === Deploying to 'scythe-ai'...
[info] 
[info] i  deploying firestore, functions 
[info] ✔  functions: Finished running predeploy script. 
[info] i  firestore: reading indexes from firestore.indexes.json... 
[info] i  cloud.firestore: checking firestore.rules for compilation errors... 
[debug] [2023-04-20T01:50:43.867Z] >>> [apiv2][query] POST https://firebaserules.googleapis.com/v1/projects/scythe-ai:test [none]
[debug] [2023-04-20T01:50:43.867Z] >>> [apiv2][body] POST https://firebaserules.googleapis.com/v1/projects/scythe-ai:test [omitted]
[debug] [2023-04-20T01:50:44.432Z] <<< [apiv2][status] POST https://firebaserules.googleapis.com/v1/projects/scythe-ai:test 200
[debug] [2023-04-20T01:50:44.432Z] <<< [apiv2][body] POST https://firebaserules.googleapis.com/v1/projects/scythe-ai:test {}
[info] ✔  cloud.firestore: rules file firestore.rules compiled successfully 
[debug] [2023-04-20T01:50:44.434Z] >>> [apiv2][query] GET https://firebase.googleapis.com/v1beta1/projects/scythe-ai [none]
[debug] [2023-04-20T01:50:44.954Z] <<< [apiv2][status] GET https://firebase.googleapis.com/v1beta1/projects/scythe-ai 200
[debug] [2023-04-20T01:50:44.954Z] <<< [apiv2][body] GET https://firebase.googleapis.com/v1beta1/projects/scythe-ai {"projectId":"scythe-ai","projectNumber":"356464318622","displayName":"Scythe AI","name":"projects/scythe-ai","resources":{"hostingSite":"scythe-ai","realtimeDatabaseInstance":"scythe-ai-default-rtdb"},"state":"ACTIVE","etag":"1_f0323cae-4222-4c34-8913-a5045eec6bb2"}
[info] i  functions: preparing codebase default for deployment 
[info] i  functions: ensuring required API cloudfunctions.googleapis.com is enabled... 
[info] i  functions: ensuring required API cloudbuild.googleapis.com is enabled... 
[info] i  artifactregistry: ensuring required API artifactregistry.googleapis.com is enabled... 
[debug] [2023-04-20T01:50:44.956Z] >>> [apiv2][query] GET https://serviceusage.googleapis.com/v1/projects/scythe-ai/services/cloudfunctions.googleapis.com [none]
[debug] [2023-04-20T01:50:44.956Z] >>> [apiv2][(partial)header] GET https://serviceusage.googleapis.com/v1/projects/scythe-ai/services/cloudfunctions.googleapis.com x-goog-quota-user=projects/scythe-ai
[debug] [2023-04-20T01:50:44.957Z] >>> [apiv2][query] GET https://serviceusage.googleapis.com/v1/projects/scythe-ai/services/runtimeconfig.googleapis.com [none]
[debug] [2023-04-20T01:50:44.957Z] >>> [apiv2][(partial)header] GET https://serviceusage.googleapis.com/v1/projects/scythe-ai/services/runtimeconfig.googleapis.com x-goog-quota-user=projects/scythe-ai
[debug] [2023-04-20T01:50:44.958Z] >>> [apiv2][query] GET https://serviceusage.googleapis.com/v1/projects/scythe-ai/services/cloudbuild.googleapis.com [none]
[debug] [2023-04-20T01:50:44.958Z] >>> [apiv2][(partial)header] GET https://serviceusage.googleapis.com/v1/projects/scythe-ai/services/cloudbuild.googleapis.com x-goog-quota-user=projects/scythe-ai
[debug] [2023-04-20T01:50:44.959Z] >>> [apiv2][query] GET https://serviceusage.googleapis.com/v1/projects/scythe-ai/services/artifactregistry.googleapis.com [none]
[debug] [2023-04-20T01:50:44.959Z] >>> [apiv2][(partial)header] GET https://serviceusage.googleapis.com/v1/projects/scythe-ai/services/artifactregistry.googleapis.com x-goog-quota-user=projects/scythe-ai
[debug] [2023-04-20T01:50:45.486Z] <<< [apiv2][status] GET https://serviceusage.googleapis.com/v1/projects/scythe-ai/services/artifactregistry.googleapis.com 200
[debug] [2023-04-20T01:50:45.487Z] <<< [apiv2][body] GET https://serviceusage.googleapis.com/v1/projects/scythe-ai/services/artifactregistry.googleapis.com [omitted]
[info] ✔  artifactregistry: required API artifactregistry.googleapis.com is enabled 
[debug] [2023-04-20T01:50:45.488Z] <<< [apiv2][status] GET https://serviceusage.googleapis.com/v1/projects/scythe-ai/services/cloudfunctions.googleapis.com 200
[debug] [2023-04-20T01:50:45.489Z] <<< [apiv2][body] GET https://serviceusage.googleapis.com/v1/projects/scythe-ai/services/cloudfunctions.googleapis.com [omitted]
[info] ✔  functions: required API cloudfunctions.googleapis.com is enabled 
[debug] [2023-04-20T01:50:45.489Z] <<< [apiv2][status] GET https://serviceusage.googleapis.com/v1/projects/scythe-ai/services/runtimeconfig.googleapis.com 200
[debug] [2023-04-20T01:50:45.489Z] <<< [apiv2][body] GET https://serviceusage.googleapis.com/v1/projects/scythe-ai/services/runtimeconfig.googleapis.com [omitted]
[debug] [2023-04-20T01:50:45.490Z] <<< [apiv2][status] GET https://serviceusage.googleapis.com/v1/projects/scythe-ai/services/cloudbuild.googleapis.com 200
[debug] [2023-04-20T01:50:45.491Z] <<< [apiv2][body] GET https://serviceusage.googleapis.com/v1/projects/scythe-ai/services/cloudbuild.googleapis.com [omitted]
[info] ✔  functions: required API cloudbuild.googleapis.com is enabled 
[debug] [2023-04-20T01:50:45.491Z] >>> [apiv2][query] GET https://firebase.googleapis.com/v1beta1/projects/scythe-ai/adminSdkConfig [none]
[debug] [2023-04-20T01:50:46.013Z] <<< [apiv2][status] GET https://firebase.googleapis.com/v1beta1/projects/scythe-ai/adminSdkConfig 200
[debug] [2023-04-20T01:50:46.013Z] <<< [apiv2][body] GET https://firebase.googleapis.com/v1beta1/projects/scythe-ai/adminSdkConfig {"projectId":"scythe-ai","databaseURL":"https://scythe-ai-default-rtdb.firebaseio.com","storageBucket":"scythe-ai.appspot.com"}
[debug] [2023-04-20T01:50:46.014Z] >>> [apiv2][query] GET https://runtimeconfig.googleapis.com/v1beta1/projects/scythe-ai/configs [none]
[debug] [2023-04-20T01:50:46.531Z] <<< [apiv2][status] GET https://runtimeconfig.googleapis.com/v1beta1/projects/scythe-ai/configs 200
[debug] [2023-04-20T01:50:46.531Z] <<< [apiv2][body] GET https://runtimeconfig.googleapis.com/v1beta1/projects/scythe-ai/configs {}
[debug] [2023-04-20T01:50:46.534Z] Validating nodejs source
[debug] [2023-04-20T01:50:47.148Z] > [functions] package.json contents: {
  "name": "functions",
  "description": "Cloud Functions for Firebase",
  "scripts": {
    "lint": "eslint .",
    "serve": "firebase emulators:start --only functions",
    "shell": "firebase functions:shell",
    "start": "npm run shell",
    "deploy": "firebase deploy --only functions",
    "logs": "firebase functions:log"
  },
  "engines": {
    "node": "16"
  },
  "main": "index.js",
  "dependencies": {
    "firebase-admin": "^11.5.0",
    "firebase-functions": "^4.2.0"
  },
  "devDependencies": {
    "eslint": "^8.15.0",
    "eslint-config-google": "^0.14.0",
    "firebase-functions-test": "^3.0.0"
  },
  "private": true
}
[debug] [2023-04-20T01:50:47.149Z] Building nodejs source
[debug] [2023-04-20T01:50:47.150Z] Could not find functions.yaml. Must use http discovery
[debug] [2023-04-20T01:50:47.158Z] Found firebase-functions binary at '/Users/ethanyu/VSCodeProjects/Scythe AI/node_modules/.bin/firebase-functions'
[debug] [2023-04-20T01:50:47.315Z] Serving at port 8596

[debug] [2023-04-20T01:50:47.591Z] Got response from /__/functions.yaml {"endpoints":{"verifyEmail":{"platform":"gcfv1","availableMemoryMb":null,"timeoutSeconds":null,"minInstances":null,"maxInstances":null,"ingressSettings":null,"serviceAccountEmail":null,"vpc":null,"httpsTrigger":{},"entryPoint":"verifyEmail"}},"specVersion":"v1alpha1","requiredAPIs":[]}
[debug] [2023-04-20T01:50:47.595Z] shutdown requested via /__/quitquitquit

[info] i  functions: preparing functions directory for uploading... 
[info] i  functions: packaged /Users/ethanyu/VSCodeProjects/Scythe AI/functions (1.71 KB) for uploading 
[debug] [2023-04-20T01:50:47.615Z] >>> [apiv2][query] GET https://cloudfunctions.googleapis.com/v1/projects/scythe-ai/locations/-/functions [none]
[debug] [2023-04-20T01:50:48.113Z] <<< [apiv2][status] GET https://cloudfunctions.googleapis.com/v1/projects/scythe-ai/locations/-/functions 200
[debug] [2023-04-20T01:50:48.113Z] <<< [apiv2][body] GET https://cloudfunctions.googleapis.com/v1/projects/scythe-ai/locations/-/functions {"functions":[{"name":"projects/scythe-ai/locations/us-central1/functions/verifyEmail","httpsTrigger":{"url":"https://us-central1-scythe-ai.cloudfunctions.net/verifyEmail","securityLevel":"SECURE_ALWAYS"},"status":"ACTIVE","entryPoint":"verifyEmail","timeout":"60s","availableMemoryMb":256,"serviceAccountEmail":"scythe-ai@appspot.gserviceaccount.com","updateTime":"2023-04-14T16:17:30.896Z","versionId":"3","labels":{"deployment-tool":"cli-firebase","firebase-functions-hash":"f1c2a1cae5aca61d8b1f85d9955e38c8b7ae5643"},"sourceUploadUrl":"https://storage.googleapis.com/uploads-772441126216.us-central1.cloudfunctions.appspot.com/f352a75c-9c6c-4468-b4d3-e0f1b9c21606.zip","environmentVariables":{"FIREBASE_CONFIG":"{\"projectId\":\"scythe-ai\",\"databaseURL\":\"https://scythe-ai-default-rtdb.firebaseio.com\",\"storageBucket\":\"scythe-ai.appspot.com\"}","GCLOUD_PROJECT":"scythe-ai","EVENTARC_CLOUD_EVENT_SOURCE":"projects/scythe-ai/locations/us-central1/functions/verifyEmail"},"runtime":"nodejs16","ingressSettings":"ALLOW_ALL","buildId":"88490ce2-9b2c-4c98-a3f2-e8c1cc913c72","buildEnvironmentVariables":{"GOOGLE_NODE_RUN_SCRIPTS":""},"buildName":"projects/356464318622/locations/us-central1/builds/88490ce2-9b2c-4c98-a3f2-e8c1cc913c72","dockerRegistry":"ARTIFACT_REGISTRY"}]}
[debug] [2023-04-20T01:50:48.114Z] >>> [apiv2][query] GET https://cloudfunctions.googleapis.com/v2/projects/scythe-ai/locations/-/functions filter=environment%3D%22GEN_2%22
[debug] [2023-04-20T01:50:48.621Z] <<< [apiv2][status] GET https://cloudfunctions.googleapis.com/v2/projects/scythe-ai/locations/-/functions 200
[debug] [2023-04-20T01:50:48.621Z] <<< [apiv2][body] GET https://cloudfunctions.googleapis.com/v2/projects/scythe-ai/locations/-/functions {}
[debug] [2023-04-20T01:50:48.625Z] >>> [apiv2][query] GET https://firebase.googleapis.com/v1beta1/projects/scythe-ai [none]
[debug] [2023-04-20T01:50:48.958Z] <<< [apiv2][status] GET https://firebase.googleapis.com/v1beta1/projects/scythe-ai 200
[debug] [2023-04-20T01:50:48.958Z] <<< [apiv2][body] GET https://firebase.googleapis.com/v1beta1/projects/scythe-ai {"projectId":"scythe-ai","projectNumber":"356464318622","displayName":"Scythe AI","name":"projects/scythe-ai","resources":{"hostingSite":"scythe-ai","realtimeDatabaseInstance":"scythe-ai-default-rtdb"},"state":"ACTIVE","etag":"1_f0323cae-4222-4c34-8913-a5045eec6bb2"}
[info] i  firestore: deploying indexes... 
[debug] [2023-04-20T01:50:48.960Z] >>> [apiv2][query] GET https://firebaserules.googleapis.com/v1/projects/scythe-ai/releases pageSize=10&pageToken=
[debug] [2023-04-20T01:50:48.961Z] >>> [apiv2][query] GET https://firestore.googleapis.com/v1/projects/scythe-ai/databases/(default)/collectionGroups/-/indexes [none]
[debug] [2023-04-20T01:50:49.187Z] <<< [apiv2][status] GET https://firebaserules.googleapis.com/v1/projects/scythe-ai/releases 200
[debug] [2023-04-20T01:50:49.187Z] <<< [apiv2][body] GET https://firebaserules.googleapis.com/v1/projects/scythe-ai/releases {"releases":[{"name":"projects/scythe-ai/releases/cloud.firestore","rulesetName":"projects/scythe-ai/rulesets/6d27061d-f841-4e0c-87b2-e816b0b089d7","createTime":"2023-04-07T05:22:28.719293Z","updateTime":"2023-04-14T16:16:06.667413Z"}]}
[debug] [2023-04-20T01:50:49.188Z] >>> [apiv2][query] GET https://firebaserules.googleapis.com/v1/projects/scythe-ai/rulesets/6d27061d-f841-4e0c-87b2-e816b0b089d7 [none]
[debug] [2023-04-20T01:50:49.475Z] <<< [apiv2][status] GET https://firestore.googleapis.com/v1/projects/scythe-ai/databases/(default)/collectionGroups/-/indexes 200
[debug] [2023-04-20T01:50:49.475Z] <<< [apiv2][body] GET https://firestore.googleapis.com/v1/projects/scythe-ai/databases/(default)/collectionGroups/-/indexes {}
[debug] [2023-04-20T01:50:49.475Z] >>> [apiv2][query] GET https://firestore.googleapis.com/v1/projects/scythe-ai/databases/(default)/collectionGroups/-/fields?filter=indexConfig.usesAncestorConfig=false OR ttlConfig:* [none]
[debug] [2023-04-20T01:50:49.698Z] <<< [apiv2][status] GET https://firebaserules.googleapis.com/v1/projects/scythe-ai/rulesets/6d27061d-f841-4e0c-87b2-e816b0b089d7 200
[debug] [2023-04-20T01:50:49.698Z] <<< [apiv2][body] GET https://firebaserules.googleapis.com/v1/projects/scythe-ai/rulesets/6d27061d-f841-4e0c-87b2-e816b0b089d7 [omitted]
[info] i  firestore: latest version of firestore.rules already up to date, skipping upload... 
[debug] [2023-04-20T01:50:49.795Z] <<< [apiv2][status] GET https://firestore.googleapis.com/v1/projects/scythe-ai/databases/(default)/collectionGroups/-/fields?filter=indexConfig.usesAncestorConfig=false OR ttlConfig:* 200
[debug] [2023-04-20T01:50:49.795Z] <<< [apiv2][body] GET https://firestore.googleapis.com/v1/projects/scythe-ai/databases/(default)/collectionGroups/-/fields?filter=indexConfig.usesAncestorConfig=false OR ttlConfig:* {"fields":[{"name":"projects/scythe-ai/databases/(default)/collectionGroups/__default__/fields/*","indexConfig":{"indexes":[{"queryScope":"COLLECTION","fields":[{"fieldPath":"*","order":"ASCENDING"}],"state":"READY"},{"queryScope":"COLLECTION","fields":[{"fieldPath":"*","order":"DESCENDING"}],"state":"READY"},{"queryScope":"COLLECTION","fields":[{"fieldPath":"*","arrayConfig":"CONTAINS"}],"state":"READY"}]}}]}
[info] ✔  firestore: deployed indexes in firestore.indexes.json successfully for (default) database 
[debug] [2023-04-20T01:50:49.796Z] >>> [apiv2][query] POST https://cloudfunctions.googleapis.com/v1/projects/scythe-ai/locations/us-central1/functions:generateUploadUrl [none]
[debug] [2023-04-20T01:50:49.796Z] >>> [apiv2][body] POST https://cloudfunctions.googleapis.com/v1/projects/scythe-ai/locations/us-central1/functions:generateUploadUrl {}
[debug] [2023-04-20T01:50:50.276Z] <<< [apiv2][status] POST https://cloudfunctions.googleapis.com/v1/projects/scythe-ai/locations/us-central1/functions:generateUploadUrl 200
[debug] [2023-04-20T01:50:50.277Z] <<< [apiv2][body] POST https://cloudfunctions.googleapis.com/v1/projects/scythe-ai/locations/us-central1/functions:generateUploadUrl {"uploadUrl":"https://storage.googleapis.com/uploads-772441126216.us-central1.cloudfunctions.appspot.com/5f60ab51-fbc9-40ab-8e88-2a1e728f28c0.zip?GoogleAccessId=service-356464318622@gcf-admin-robot.iam.gserviceaccount.com&Expires=1681957250&Signature=OGN4gWGU8CB%2FiGlW82hJT1VzxW6mvAFlJpzjErr09Vg%2F8xVJhrM7yXWQwEkZLvkHOjWpCHT7usBzlLJRZTwR0o3NeK93dRpZlzHMdaWd5pOCQR%2FSCVBSIteQlETjo7WKWGhPi2JOx70sp8gaqXJq259WkAHaQ248VhrQh7HDg5vjwOHfq6h12D7UxSxUxEiQEl%2BOF9UFFckZgu3TMdfx7anWld8wKK%2FyO46pGRQHuclK%2F2y8AUjSGTLJ6kUY3MCORjCPFxm697mHJ0U1HFi0%2Bj6HQM0E6Lnn0j%2B7%2BDwZ6lI%2FfspU0OCKu%2BduRg52ZG7%2FeLV1egIbs0N9gaCCJjPzcw%3D%3D"}
[debug] [2023-04-20T01:50:50.277Z] >>> [apiv2][query] PUT https://storage.googleapis.com/uploads-772441126216.us-central1.cloudfunctions.appspot.com/5f60ab51-fbc9-40ab-8e88-2a1e728f28c0.zip GoogleAccessId=service-356464318622%40gcf-admin-robot.iam.gserviceaccount.com&Expires=1681957250&Signature=OGN4gWGU8CB%2FiGlW82hJT1VzxW6mvAFlJpzjErr09Vg%2F8xVJhrM7yXWQwEkZLvkHOjWpCHT7usBzlLJRZTwR0o3NeK93dRpZlzHMdaWd5pOCQR%2FSCVBSIteQlETjo7WKWGhPi2JOx70sp8gaqXJq259WkAHaQ248VhrQh7HDg5vjwOHfq6h12D7UxSxUxEiQEl%2BOF9UFFckZgu3TMdfx7anWld8wKK%2FyO46pGRQHuclK%2F2y8AUjSGTLJ6kUY3MCORjCPFxm697mHJ0U1HFi0%2Bj6HQM0E6Lnn0j%2B7%2BDwZ6lI%2FfspU0OCKu%2BduRg52ZG7%2FeLV1egIbs0N9gaCCJjPzcw%3D%3D
[debug] [2023-04-20T01:50:50.277Z] >>> [apiv2][body] PUT https://storage.googleapis.com/uploads-772441126216.us-central1.cloudfunctions.appspot.com/5f60ab51-fbc9-40ab-8e88-2a1e728f28c0.zip [stream]
[debug] [2023-04-20T01:50:51.247Z] <<< [apiv2][status] PUT https://storage.googleapis.com/uploads-772441126216.us-central1.cloudfunctions.appspot.com/5f60ab51-fbc9-40ab-8e88-2a1e728f28c0.zip 200
[debug] [2023-04-20T01:50:51.247Z] <<< [apiv2][body] PUT https://storage.googleapis.com/uploads-772441126216.us-central1.cloudfunctions.appspot.com/5f60ab51-fbc9-40ab-8e88-2a1e728f28c0.zip [omitted]
[info] ✔  functions: functions folder uploaded successfully 
[debug] [2023-04-20T01:50:51.248Z] [rules] releasing cloud.firestore/(default) with ruleset projects/scythe-ai/rulesets/6d27061d-f841-4e0c-87b2-e816b0b089d7
[debug] [2023-04-20T01:50:51.248Z] >>> [apiv2][query] PATCH https://firebaserules.googleapis.com/v1/projects/scythe-ai/releases/cloud.firestore/(default) [none]
[debug] [2023-04-20T01:50:51.248Z] >>> [apiv2][body] PATCH https://firebaserules.googleapis.com/v1/projects/scythe-ai/releases/cloud.firestore/(default) {"release":{"name":"projects/scythe-ai/releases/cloud.firestore/(default)","rulesetName":"projects/scythe-ai/rulesets/6d27061d-f841-4e0c-87b2-e816b0b089d7"}}
[debug] [2023-04-20T01:50:51.770Z] <<< [apiv2][status] PATCH https://firebaserules.googleapis.com/v1/projects/scythe-ai/releases/cloud.firestore/(default) 200
[debug] [2023-04-20T01:50:51.770Z] <<< [apiv2][body] PATCH https://firebaserules.googleapis.com/v1/projects/scythe-ai/releases/cloud.firestore/(default) {"name":"projects/scythe-ai/releases/cloud.firestore","rulesetName":"projects/scythe-ai/rulesets/6d27061d-f841-4e0c-87b2-e816b0b089d7","createTime":"2023-04-07T05:22:28.719293Z","updateTime":"2023-04-20T01:50:51.580202Z"}
[debug] [2023-04-20T01:50:51.770Z] [rules] updated release projects/scythe-ai/releases/cloud.firestore
[info] ✔  firestore: released rules firestore.rules to cloud.firestore 
[info] i  functions: updating Node.js 16 function verifyEmail(us-central1)... 
[debug] [2023-04-20T01:50:51.774Z] >>> [apiv2][query] PATCH https://cloudfunctions.googleapis.com/v1/projects/scythe-ai/locations/us-central1/functions/verifyEmail updateMask=name%2CsourceUploadUrl%2CentryPoint%2Cruntime%2CdockerRegistry%2Clabels%2ChttpsTrigger.securityLevel%2CminInstances%2CmaxInstances%2CingressSettings%2CenvironmentVariables%2CserviceAccountEmail%2CavailableMemoryMb%2Ctimeout%2CvpcConnector%2CvpcConnectorEgressSettings%2CsourceToken%2CbuildEnvironmentVariables
[debug] [2023-04-20T01:50:51.774Z] >>> [apiv2][body] PATCH https://cloudfunctions.googleapis.com/v1/projects/scythe-ai/locations/us-central1/functions/verifyEmail {"name":"projects/scythe-ai/locations/us-central1/functions/verifyEmail","sourceUploadUrl":"https://storage.googleapis.com/uploads-772441126216.us-central1.cloudfunctions.appspot.com/5f60ab51-fbc9-40ab-8e88-2a1e728f28c0.zip?GoogleAccessId=service-356464318622@gcf-admin-robot.iam.gserviceaccount.com&Expires=1681957250&Signature=OGN4gWGU8CB%2FiGlW82hJT1VzxW6mvAFlJpzjErr09Vg%2F8xVJhrM7yXWQwEkZLvkHOjWpCHT7usBzlLJRZTwR0o3NeK93dRpZlzHMdaWd5pOCQR%2FSCVBSIteQlETjo7WKWGhPi2JOx70sp8gaqXJq259WkAHaQ248VhrQh7HDg5vjwOHfq6h12D7UxSxUxEiQEl%2BOF9UFFckZgu3TMdfx7anWld8wKK%2FyO46pGRQHuclK%2F2y8AUjSGTLJ6kUY3MCORjCPFxm697mHJ0U1HFi0%2Bj6HQM0E6Lnn0j%2B7%2BDwZ6lI%2FfspU0OCKu%2BduRg52ZG7%2FeLV1egIbs0N9gaCCJjPzcw%3D%3D","entryPoint":"verifyEmail","runtime":"nodejs16","dockerRegistry":"ARTIFACT_REGISTRY","labels":{"deployment-tool":"cli-firebase","firebase-functions-hash":"0189242bfed429c461e2191a69347e2057b35f68"},"httpsTrigger":{"securityLevel":"SECURE_ALWAYS"},"minInstances":null,"maxInstances":null,"ingressSettings":null,"environmentVariables":{"FIREBASE_CONFIG":"{\"projectId\":\"scythe-ai\",\"databaseURL\":\"https://scythe-ai-default-rtdb.firebaseio.com\",\"storageBucket\":\"scythe-ai.appspot.com\"}","GCLOUD_PROJECT":"scythe-ai","EVENTARC_CLOUD_EVENT_SOURCE":"projects/scythe-ai/locations/us-central1/functions/verifyEmail"},"serviceAccountEmail":null,"availableMemoryMb":null,"timeout":null,"vpcConnector":null,"vpcConnectorEgressSettings":null,"buildEnvironmentVariables":{"GOOGLE_NODE_RUN_SCRIPTS":""}}
[debug] [2023-04-20T01:50:52.295Z] <<< [apiv2][status] PATCH https://cloudfunctions.googleapis.com/v1/projects/scythe-ai/locations/us-central1/functions/verifyEmail 200
[debug] [2023-04-20T01:50:52.295Z] <<< [apiv2][body] PATCH https://cloudfunctions.googleapis.com/v1/projects/scythe-ai/locations/us-central1/functions/verifyEmail {"name":"operations/c2N5dGhlLWFpL3VzLWNlbnRyYWwxL3ZlcmlmeUVtYWlsL3l0aFhGT3Q1SEpj","metadata":{"@type":"type.googleapis.com/google.cloud.functions.v1.OperationMetadataV1","target":"projects/scythe-ai/locations/us-central1/functions/verifyEmail","type":"UPDATE_FUNCTION","request":{"@type":"type.googleapis.com/google.cloud.functions.v1.CloudFunction","name":"projects/scythe-ai/locations/us-central1/functions/verifyEmail","httpsTrigger":{"url":"https://us-central1-scythe-ai.cloudfunctions.net/verifyEmail","securityLevel":"SECURE_ALWAYS"},"status":"ACTIVE","entryPoint":"verifyEmail","updateTime":"2023-04-14T16:17:30.896Z","versionId":"3","labels":{"deployment-tool":"cli-firebase","firebase-functions-hash":"0189242bfed429c461e2191a69347e2057b35f68"},"sourceUploadUrl":"https://storage.googleapis.com/uploads-772441126216.us-central1.cloudfunctions.appspot.com/5f60ab51-fbc9-40ab-8e88-2a1e728f28c0.zip?GoogleAccessId=service-356464318622@gcf-admin-robot.iam.gserviceaccount.com&Expires=1681957250&Signature=OGN4gWGU8CB%2FiGlW82hJT1VzxW6mvAFlJpzjErr09Vg%2F8xVJhrM7yXWQwEkZLvkHOjWpCHT7usBzlLJRZTwR0o3NeK93dRpZlzHMdaWd5pOCQR%2FSCVBSIteQlETjo7WKWGhPi2JOx70sp8gaqXJq259WkAHaQ248VhrQh7HDg5vjwOHfq6h12D7UxSxUxEiQEl%2BOF9UFFckZgu3TMdfx7anWld8wKK%2FyO46pGRQHuclK%2F2y8AUjSGTLJ6kUY3MCORjCPFxm697mHJ0U1HFi0%2Bj6HQM0E6Lnn0j%2B7%2BDwZ6lI%2FfspU0OCKu%2BduRg52ZG7%2FeLV1egIbs0N9gaCCJjPzcw%3D%3D","environmentVariables":{"FIREBASE_CONFIG":"{\"projectId\":\"scythe-ai\",\"databaseURL\":\"https://scythe-ai-default-rtdb.firebaseio.com\",\"storageBucket\":\"scythe-ai.appspot.com\"}","GCLOUD_PROJECT":"scythe-ai","EVENTARC_CLOUD_EVENT_SOURCE":"projects/scythe-ai/locations/us-central1/functions/verifyEmail"},"runtime":"nodejs16","buildId":"88490ce2-9b2c-4c98-a3f2-e8c1cc913c72","buildEnvironmentVariables":{"GOOGLE_NODE_RUN_SCRIPTS":""},"buildName":"projects/356464318622/locations/us-central1/builds/88490ce2-9b2c-4c98-a3f2-e8c1cc913c72","dockerRegistry":"ARTIFACT_REGISTRY"},"versionId":"4","updateTime":"2023-04-20T01:50:52Z"}}
[debug] [2023-04-20T01:50:52.296Z] >>> [apiv2][query] GET https://cloudfunctions.googleapis.com/v1/operations/c2N5dGhlLWFpL3VzLWNlbnRyYWwxL3ZlcmlmeUVtYWlsL3l0aFhGT3Q1SEpj [none]
[debug] [2023-04-20T01:50:52.820Z] <<< [apiv2][status] GET https://cloudfunctions.googleapis.com/v1/operations/c2N5dGhlLWFpL3VzLWNlbnRyYWwxL3ZlcmlmeUVtYWlsL3l0aFhGT3Q1SEpj 200
[debug] [2023-04-20T01:50:52.820Z] <<< [apiv2][body] GET https://cloudfunctions.googleapis.com/v1/operations/c2N5dGhlLWFpL3VzLWNlbnRyYWwxL3ZlcmlmeUVtYWlsL3l0aFhGT3Q1SEpj {"name":"operations/c2N5dGhlLWFpL3VzLWNlbnRyYWwxL3ZlcmlmeUVtYWlsL3l0aFhGT3Q1SEpj","metadata":{"@type":"type.googleapis.com/google.cloud.functions.v1.OperationMetadataV1","target":"projects/scythe-ai/locations/us-central1/functions/verifyEmail","type":"UPDATE_FUNCTION","request":{"@type":"type.googleapis.com/google.cloud.functions.v1.CloudFunction","name":"projects/scythe-ai/locations/us-central1/functions/verifyEmail","httpsTrigger":{"url":"https://us-central1-scythe-ai.cloudfunctions.net/verifyEmail","securityLevel":"SECURE_ALWAYS"},"status":"ACTIVE","entryPoint":"verifyEmail","updateTime":"2023-04-14T16:17:30.896Z","versionId":"3","labels":{"deployment-tool":"cli-firebase","firebase-functions-hash":"0189242bfed429c461e2191a69347e2057b35f68"},"sourceUploadUrl":"https://storage.googleapis.com/uploads-772441126216.us-central1.cloudfunctions.appspot.com/5f60ab51-fbc9-40ab-8e88-2a1e728f28c0.zip?GoogleAccessId=service-356464318622@gcf-admin-robot.iam.gserviceaccount.com&Expires=1681957250&Signature=OGN4gWGU8CB%2FiGlW82hJT1VzxW6mvAFlJpzjErr09Vg%2F8xVJhrM7yXWQwEkZLvkHOjWpCHT7usBzlLJRZTwR0o3NeK93dRpZlzHMdaWd5pOCQR%2FSCVBSIteQlETjo7WKWGhPi2JOx70sp8gaqXJq259WkAHaQ248VhrQh7HDg5vjwOHfq6h12D7UxSxUxEiQEl%2BOF9UFFckZgu3TMdfx7anWld8wKK%2FyO46pGRQHuclK%2F2y8AUjSGTLJ6kUY3MCORjCPFxm697mHJ0U1HFi0%2Bj6HQM0E6Lnn0j%2B7%2BDwZ6lI%2FfspU0OCKu%2BduRg52ZG7%2FeLV1egIbs0N9gaCCJjPzcw%3D%3D","environmentVariables":{"FIREBASE_CONFIG":"{\"projectId\":\"scythe-ai\",\"databaseURL\":\"https://scythe-ai-default-rtdb.firebaseio.com\",\"storageBucket\":\"scythe-ai.appspot.com\"}","GCLOUD_PROJECT":"scythe-ai","EVENTARC_CLOUD_EVENT_SOURCE":"projects/scythe-ai/locations/us-central1/functions/verifyEmail"},"runtime":"nodejs16","buildId":"88490ce2-9b2c-4c98-a3f2-e8c1cc913c72","buildEnvironmentVariables":{"GOOGLE_NODE_RUN_SCRIPTS":""},"buildName":"projects/356464318622/locations/us-central1/builds/88490ce2-9b2c-4c98-a3f2-e8c1cc913c72","dockerRegistry":"ARTIFACT_REGISTRY"},"versionId":"4","updateTime":"2023-04-20T01:50:52Z"}}
[debug] [2023-04-20T01:50:53.325Z] [update-default-us-central1-verifyEmail] Retrying task index 0
[debug] [2023-04-20T01:50:53.326Z] >>> [apiv2][query] GET https://cloudfunctions.googleapis.com/v1/operations/c2N5dGhlLWFpL3VzLWNlbnRyYWwxL3ZlcmlmeUVtYWlsL3l0aFhGT3Q1SEpj [none]
[debug] [2023-04-20T01:50:53.874Z] <<< [apiv2][status] GET https://cloudfunctions.googleapis.com/v1/operations/c2N5dGhlLWFpL3VzLWNlbnRyYWwxL3ZlcmlmeUVtYWlsL3l0aFhGT3Q1SEpj 200
[debug] [2023-04-20T01:50:53.874Z] <<< [apiv2][body] GET https://cloudfunctions.googleapis.com/v1/operations/c2N5dGhlLWFpL3VzLWNlbnRyYWwxL3ZlcmlmeUVtYWlsL3l0aFhGT3Q1SEpj {"name":"operations/c2N5dGhlLWFpL3VzLWNlbnRyYWwxL3ZlcmlmeUVtYWlsL3l0aFhGT3Q1SEpj","metadata":{"@type":"type.googleapis.com/google.cloud.functions.v1.OperationMetadataV1","target":"projects/scythe-ai/locations/us-central1/functions/verifyEmail","type":"UPDATE_FUNCTION","request":{"@type":"type.googleapis.com/google.cloud.functions.v1.CloudFunction","name":"projects/scythe-ai/locations/us-central1/functions/verifyEmail","httpsTrigger":{"url":"https://us-central1-scythe-ai.cloudfunctions.net/verifyEmail","securityLevel":"SECURE_ALWAYS"},"status":"ACTIVE","entryPoint":"verifyEmail","updateTime":"2023-04-14T16:17:30.896Z","versionId":"3","labels":{"deployment-tool":"cli-firebase","firebase-functions-hash":"0189242bfed429c461e2191a69347e2057b35f68"},"sourceUploadUrl":"https://storage.googleapis.com/uploads-772441126216.us-central1.cloudfunctions.appspot.com/5f60ab51-fbc9-40ab-8e88-2a1e728f28c0.zip?GoogleAccessId=service-356464318622@gcf-admin-robot.iam.gserviceaccount.com&Expires=1681957250&Signature=OGN4gWGU8CB%2FiGlW82hJT1VzxW6mvAFlJpzjErr09Vg%2F8xVJhrM7yXWQwEkZLvkHOjWpCHT7usBzlLJRZTwR0o3NeK93dRpZlzHMdaWd5pOCQR%2FSCVBSIteQlETjo7WKWGhPi2JOx70sp8gaqXJq259WkAHaQ248VhrQh7HDg5vjwOHfq6h12D7UxSxUxEiQEl%2BOF9UFFckZgu3TMdfx7anWld8wKK%2FyO46pGRQHuclK%2F2y8AUjSGTLJ6kUY3MCORjCPFxm697mHJ0U1HFi0%2Bj6HQM0E6Lnn0j%2B7%2BDwZ6lI%2FfspU0OCKu%2BduRg52ZG7%2FeLV1egIbs0N9gaCCJjPzcw%3D%3D","environmentVariables":{"FIREBASE_CONFIG":"{\"projectId\":\"scythe-ai\",\"databaseURL\":\"https://scythe-ai-default-rtdb.firebaseio.com\",\"storageBucket\":\"scythe-ai.appspot.com\"}","GCLOUD_PROJECT":"scythe-ai","EVENTARC_CLOUD_EVENT_SOURCE":"projects/scythe-ai/locations/us-central1/functions/verifyEmail"},"runtime":"nodejs16","buildId":"88490ce2-9b2c-4c98-a3f2-e8c1cc913c72","buildEnvironmentVariables":{"GOOGLE_NODE_RUN_SCRIPTS":""},"buildName":"projects/356464318622/locations/us-central1/builds/88490ce2-9b2c-4c98-a3f2-e8c1cc913c72","dockerRegistry":"ARTIFACT_REGISTRY"},"versionId":"4","updateTime":"2023-04-20T01:50:52Z","buildId":"cd3f28ae-4355-4f41-b998-a3fef1de3532","buildName":"projects/356464318622/locations/us-central1/builds/cd3f28ae-4355-4f41-b998-a3fef1de3532"}}
[debug] [2023-04-20T01:50:54.876Z] [update-default-us-central1-verifyEmail] Retrying task index 0
[debug] [2023-04-20T01:50:54.876Z] >>> [apiv2][query] GET https://cloudfunctions.googleapis.com/v1/operations/c2N5dGhlLWFpL3VzLWNlbnRyYWwxL3ZlcmlmeUVtYWlsL3l0aFhGT3Q1SEpj [none]
[debug] [2023-04-20T01:50:55.080Z] <<< [apiv2][status] GET https://cloudfunctions.googleapis.com/v1/operations/c2N5dGhlLWFpL3VzLWNlbnRyYWwxL3ZlcmlmeUVtYWlsL3l0aFhGT3Q1SEpj 200
[debug] [2023-04-20T01:50:55.080Z] <<< [apiv2][body] GET https://cloudfunctions.googleapis.com/v1/operations/c2N5dGhlLWFpL3VzLWNlbnRyYWwxL3ZlcmlmeUVtYWlsL3l0aFhGT3Q1SEpj {"name":"operations/c2N5dGhlLWFpL3VzLWNlbnRyYWwxL3ZlcmlmeUVtYWlsL3l0aFhGT3Q1SEpj","metadata":{"@type":"type.googleapis.com/google.cloud.functions.v1.OperationMetadataV1","target":"projects/scythe-ai/locations/us-central1/functions/verifyEmail","type":"UPDATE_FUNCTION","request":{"@type":"type.googleapis.com/google.cloud.functions.v1.CloudFunction","name":"projects/scythe-ai/locations/us-central1/functions/verifyEmail","httpsTrigger":{"url":"https://us-central1-scythe-ai.cloudfunctions.net/verifyEmail","securityLevel":"SECURE_ALWAYS"},"status":"ACTIVE","entryPoint":"verifyEmail","updateTime":"2023-04-14T16:17:30.896Z","versionId":"3","labels":{"deployment-tool":"cli-firebase","firebase-functions-hash":"0189242bfed429c461e2191a69347e2057b35f68"},"sourceUploadUrl":"https://storage.googleapis.com/uploads-772441126216.us-central1.cloudfunctions.appspot.com/5f60ab51-fbc9-40ab-8e88-2a1e728f28c0.zip?GoogleAccessId=service-356464318622@gcf-admin-robot.iam.gserviceaccount.com&Expires=1681957250&Signature=OGN4gWGU8CB%2FiGlW82hJT1VzxW6mvAFlJpzjErr09Vg%2F8xVJhrM7yXWQwEkZLvkHOjWpCHT7usBzlLJRZTwR0o3NeK93dRpZlzHMdaWd5pOCQR%2FSCVBSIteQlETjo7WKWGhPi2JOx70sp8gaqXJq259WkAHaQ248VhrQh7HDg5vjwOHfq6h12D7UxSxUxEiQEl%2BOF9UFFckZgu3TMdfx7anWld8wKK%2FyO46pGRQHuclK%2F2y8AUjSGTLJ6kUY3MCORjCPFxm697mHJ0U1HFi0%2Bj6HQM0E6Lnn0j%2B7%2BDwZ6lI%2FfspU0OCKu%2BduRg52ZG7%2FeLV1egIbs0N9gaCCJjPzcw%3D%3D","environmentVariables":{"FIREBASE_CONFIG":"{\"projectId\":\"scythe-ai\",\"databaseURL\":\"https://scythe-ai-default-rtdb.firebaseio.com\",\"storageBucket\":\"scythe-ai.appspot.com\"}","GCLOUD_PROJECT":"scythe-ai","EVENTARC_CLOUD_EVENT_SOURCE":"projects/scythe-ai/locations/us-central1/functions/verifyEmail"},"runtime":"nodejs16","buildId":"88490ce2-9b2c-4c98-a3f2-e8c1cc913c72","buildEnvironmentVariables":{"GOOGLE_NODE_RUN_SCRIPTS":""},"buildName":"projects/356464318622/locations/us-central1/builds/88490ce2-9b2c-4c98-a3f2-e8c1cc913c72","dockerRegistry":"ARTIFACT_REGISTRY"},"versionId":"4","updateTime":"2023-04-20T01:50:52Z","buildId":"cd3f28ae-4355-4f41-b998-a3fef1de3532","buildName":"projects/356464318622/locations/us-central1/builds/cd3f28ae-4355-4f41-b998-a3fef1de3532"}}
[debug] [2023-04-20T01:50:57.085Z] [update-default-us-central1-verifyEmail] Retrying task index 0
[debug] [2023-04-20T01:50:57.086Z] >>> [apiv2][query] GET https://cloudfunctions.googleapis.com/v1/operations/c2N5dGhlLWFpL3VzLWNlbnRyYWwxL3ZlcmlmeUVtYWlsL3l0aFhGT3Q1SEpj [none]
[debug] [2023-04-20T01:50:57.539Z] <<< [apiv2][status] GET https://cloudfunctions.googleapis.com/v1/operations/c2N5dGhlLWFpL3VzLWNlbnRyYWwxL3ZlcmlmeUVtYWlsL3l0aFhGT3Q1SEpj 200
[debug] [2023-04-20T01:50:57.539Z] <<< [apiv2][body] GET https://cloudfunctions.googleapis.com/v1/operations/c2N5dGhlLWFpL3VzLWNlbnRyYWwxL3ZlcmlmeUVtYWlsL3l0aFhGT3Q1SEpj {"name":"operations/c2N5dGhlLWFpL3VzLWNlbnRyYWwxL3ZlcmlmeUVtYWlsL3l0aFhGT3Q1SEpj","metadata":{"@type":"type.googleapis.com/google.cloud.functions.v1.OperationMetadataV1","target":"projects/scythe-ai/locations/us-central1/functions/verifyEmail","type":"UPDATE_FUNCTION","request":{"@type":"type.googleapis.com/google.cloud.functions.v1.CloudFunction","name":"projects/scythe-ai/locations/us-central1/functions/verifyEmail","httpsTrigger":{"url":"https://us-central1-scythe-ai.cloudfunctions.net/verifyEmail","securityLevel":"SECURE_ALWAYS"},"status":"ACTIVE","entryPoint":"verifyEmail","updateTime":"2023-04-14T16:17:30.896Z","versionId":"3","labels":{"deployment-tool":"cli-firebase","firebase-functions-hash":"0189242bfed429c461e2191a69347e2057b35f68"},"sourceUploadUrl":"https://storage.googleapis.com/uploads-772441126216.us-central1.cloudfunctions.appspot.com/5f60ab51-fbc9-40ab-8e88-2a1e728f28c0.zip?GoogleAccessId=service-356464318622@gcf-admin-robot.iam.gserviceaccount.com&Expires=1681957250&Signature=OGN4gWGU8CB%2FiGlW82hJT1VzxW6mvAFlJpzjErr09Vg%2F8xVJhrM7yXWQwEkZLvkHOjWpCHT7usBzlLJRZTwR0o3NeK93dRpZlzHMdaWd5pOCQR%2FSCVBSIteQlETjo7WKWGhPi2JOx70sp8gaqXJq259WkAHaQ248VhrQh7HDg5vjwOHfq6h12D7UxSxUxEiQEl%2BOF9UFFckZgu3TMdfx7anWld8wKK%2FyO46pGRQHuclK%2F2y8AUjSGTLJ6kUY3MCORjCPFxm697mHJ0U1HFi0%2Bj6HQM0E6Lnn0j%2B7%2BDwZ6lI%2FfspU0OCKu%2BduRg52ZG7%2FeLV1egIbs0N9gaCCJjPzcw%3D%3D","environmentVariables":{"FIREBASE_CONFIG":"{\"projectId\":\"scythe-ai\",\"databaseURL\":\"https://scythe-ai-default-rtdb.firebaseio.com\",\"storageBucket\":\"scythe-ai.appspot.com\"}","GCLOUD_PROJECT":"scythe-ai","EVENTARC_CLOUD_EVENT_SOURCE":"projects/scythe-ai/locations/us-central1/functions/verifyEmail"},"runtime":"nodejs16","buildId":"88490ce2-9b2c-4c98-a3f2-e8c1cc913c72","buildEnvironmentVariables":{"GOOGLE_NODE_RUN_SCRIPTS":""},"buildName":"projects/356464318622/locations/us-central1/builds/88490ce2-9b2c-4c98-a3f2-e8c1cc913c72","dockerRegistry":"ARTIFACT_REGISTRY"},"versionId":"4","updateTime":"2023-04-20T01:50:52Z","buildId":"cd3f28ae-4355-4f41-b998-a3fef1de3532","buildName":"projects/356464318622/locations/us-central1/builds/cd3f28ae-4355-4f41-b998-a3fef1de3532"}}
[debug] [2023-04-20T01:51:01.540Z] [update-default-us-central1-verifyEmail] Retrying task index 0
[debug] [2023-04-20T01:51:01.541Z] >>> [apiv2][query] GET https://cloudfunctions.googleapis.com/v1/operations/c2N5dGhlLWFpL3VzLWNlbnRyYWwxL3ZlcmlmeUVtYWlsL3l0aFhGT3Q1SEpj [none]
[debug] [2023-04-20T01:51:02.268Z] <<< [apiv2][status] GET https://cloudfunctions.googleapis.com/v1/operations/c2N5dGhlLWFpL3VzLWNlbnRyYWwxL3ZlcmlmeUVtYWlsL3l0aFhGT3Q1SEpj 200
[debug] [2023-04-20T01:51:02.268Z] <<< [apiv2][body] GET https://cloudfunctions.googleapis.com/v1/operations/c2N5dGhlLWFpL3VzLWNlbnRyYWwxL3ZlcmlmeUVtYWlsL3l0aFhGT3Q1SEpj {"name":"operations/c2N5dGhlLWFpL3VzLWNlbnRyYWwxL3ZlcmlmeUVtYWlsL3l0aFhGT3Q1SEpj","metadata":{"@type":"type.googleapis.com/google.cloud.functions.v1.OperationMetadataV1","target":"projects/scythe-ai/locations/us-central1/functions/verifyEmail","type":"UPDATE_FUNCTION","request":{"@type":"type.googleapis.com/google.cloud.functions.v1.CloudFunction","name":"projects/scythe-ai/locations/us-central1/functions/verifyEmail","httpsTrigger":{"url":"https://us-central1-scythe-ai.cloudfunctions.net/verifyEmail","securityLevel":"SECURE_ALWAYS"},"status":"ACTIVE","entryPoint":"verifyEmail","updateTime":"2023-04-14T16:17:30.896Z","versionId":"3","labels":{"deployment-tool":"cli-firebase","firebase-functions-hash":"0189242bfed429c461e2191a69347e2057b35f68"},"sourceUploadUrl":"https://storage.googleapis.com/uploads-772441126216.us-central1.cloudfunctions.appspot.com/5f60ab51-fbc9-40ab-8e88-2a1e728f28c0.zip?GoogleAccessId=service-356464318622@gcf-admin-robot.iam.gserviceaccount.com&Expires=1681957250&Signature=OGN4gWGU8CB%2FiGlW82hJT1VzxW6mvAFlJpzjErr09Vg%2F8xVJhrM7yXWQwEkZLvkHOjWpCHT7usBzlLJRZTwR0o3NeK93dRpZlzHMdaWd5pOCQR%2FSCVBSIteQlETjo7WKWGhPi2JOx70sp8gaqXJq259WkAHaQ248VhrQh7HDg5vjwOHfq6h12D7UxSxUxEiQEl%2BOF9UFFckZgu3TMdfx7anWld8wKK%2FyO46pGRQHuclK%2F2y8AUjSGTLJ6kUY3MCORjCPFxm697mHJ0U1HFi0%2Bj6HQM0E6Lnn0j%2B7%2BDwZ6lI%2FfspU0OCKu%2BduRg52ZG7%2FeLV1egIbs0N9gaCCJjPzcw%3D%3D","environmentVariables":{"FIREBASE_CONFIG":"{\"projectId\":\"scythe-ai\",\"databaseURL\":\"https://scythe-ai-default-rtdb.firebaseio.com\",\"storageBucket\":\"scythe-ai.appspot.com\"}","GCLOUD_PROJECT":"scythe-ai","EVENTARC_CLOUD_EVENT_SOURCE":"projects/scythe-ai/locations/us-central1/functions/verifyEmail"},"runtime":"nodejs16","buildId":"88490ce2-9b2c-4c98-a3f2-e8c1cc913c72","buildEnvironmentVariables":{"GOOGLE_NODE_RUN_SCRIPTS":""},"buildName":"projects/356464318622/locations/us-central1/builds/88490ce2-9b2c-4c98-a3f2-e8c1cc913c72","dockerRegistry":"ARTIFACT_REGISTRY"},"versionId":"4","updateTime":"2023-04-20T01:50:52Z","buildId":"cd3f28ae-4355-4f41-b998-a3fef1de3532","buildName":"projects/356464318622/locations/us-central1/builds/cd3f28ae-4355-4f41-b998-a3fef1de3532"}}
[debug] [2023-04-20T01:51:10.270Z] [update-default-us-central1-verifyEmail] Retrying task index 0
[debug] [2023-04-20T01:51:10.271Z] >>> [apiv2][query] GET https://cloudfunctions.googleapis.com/v1/operations/c2N5dGhlLWFpL3VzLWNlbnRyYWwxL3ZlcmlmeUVtYWlsL3l0aFhGT3Q1SEpj [none]
[debug] [2023-04-20T01:51:10.592Z] <<< [apiv2][status] GET https://cloudfunctions.googleapis.com/v1/operations/c2N5dGhlLWFpL3VzLWNlbnRyYWwxL3ZlcmlmeUVtYWlsL3l0aFhGT3Q1SEpj 200
[debug] [2023-04-20T01:51:10.592Z] <<< [apiv2][body] GET https://cloudfunctions.googleapis.com/v1/operations/c2N5dGhlLWFpL3VzLWNlbnRyYWwxL3ZlcmlmeUVtYWlsL3l0aFhGT3Q1SEpj {"name":"operations/c2N5dGhlLWFpL3VzLWNlbnRyYWwxL3ZlcmlmeUVtYWlsL3l0aFhGT3Q1SEpj","metadata":{"@type":"type.googleapis.com/google.cloud.functions.v1.OperationMetadataV1","target":"projects/scythe-ai/locations/us-central1/functions/verifyEmail","type":"UPDATE_FUNCTION","request":{"@type":"type.googleapis.com/google.cloud.functions.v1.CloudFunction","name":"projects/scythe-ai/locations/us-central1/functions/verifyEmail","httpsTrigger":{"url":"https://us-central1-scythe-ai.cloudfunctions.net/verifyEmail","securityLevel":"SECURE_ALWAYS"},"status":"ACTIVE","entryPoint":"verifyEmail","updateTime":"2023-04-14T16:17:30.896Z","versionId":"3","labels":{"deployment-tool":"cli-firebase","firebase-functions-hash":"0189242bfed429c461e2191a69347e2057b35f68"},"sourceUploadUrl":"https://storage.googleapis.com/uploads-772441126216.us-central1.cloudfunctions.appspot.com/5f60ab51-fbc9-40ab-8e88-2a1e728f28c0.zip?GoogleAccessId=service-356464318622@gcf-admin-robot.iam.gserviceaccount.com&Expires=1681957250&Signature=OGN4gWGU8CB%2FiGlW82hJT1VzxW6mvAFlJpzjErr09Vg%2F8xVJhrM7yXWQwEkZLvkHOjWpCHT7usBzlLJRZTwR0o3NeK93dRpZlzHMdaWd5pOCQR%2FSCVBSIteQlETjo7WKWGhPi2JOx70sp8gaqXJq259WkAHaQ248VhrQh7HDg5vjwOHfq6h12D7UxSxUxEiQEl%2BOF9UFFckZgu3TMdfx7anWld8wKK%2FyO46pGRQHuclK%2F2y8AUjSGTLJ6kUY3MCORjCPFxm697mHJ0U1HFi0%2Bj6HQM0E6Lnn0j%2B7%2BDwZ6lI%2FfspU0OCKu%2BduRg52ZG7%2FeLV1egIbs0N9gaCCJjPzcw%3D%3D","environmentVariables":{"FIREBASE_CONFIG":"{\"projectId\":\"scythe-ai\",\"databaseURL\":\"https://scythe-ai-default-rtdb.firebaseio.com\",\"storageBucket\":\"scythe-ai.appspot.com\"}","GCLOUD_PROJECT":"scythe-ai","EVENTARC_CLOUD_EVENT_SOURCE":"projects/scythe-ai/locations/us-central1/functions/verifyEmail"},"runtime":"nodejs16","buildId":"88490ce2-9b2c-4c98-a3f2-e8c1cc913c72","buildEnvironmentVariables":{"GOOGLE_NODE_RUN_SCRIPTS":""},"buildName":"projects/356464318622/locations/us-central1/builds/88490ce2-9b2c-4c98-a3f2-e8c1cc913c72","dockerRegistry":"ARTIFACT_REGISTRY"},"versionId":"4","updateTime":"2023-04-20T01:50:52Z","buildId":"cd3f28ae-4355-4f41-b998-a3fef1de3532","buildName":"projects/356464318622/locations/us-central1/builds/cd3f28ae-4355-4f41-b998-a3fef1de3532"}}
[debug] [2023-04-20T01:51:20.594Z] [update-default-us-central1-verifyEmail] Retrying task index 0
[debug] [2023-04-20T01:51:20.595Z] >>> [apiv2][query] GET https://cloudfunctions.googleapis.com/v1/operations/c2N5dGhlLWFpL3VzLWNlbnRyYWwxL3ZlcmlmeUVtYWlsL3l0aFhGT3Q1SEpj [none]
[debug] [2023-04-20T01:51:21.126Z] <<< [apiv2][status] GET https://cloudfunctions.googleapis.com/v1/operations/c2N5dGhlLWFpL3VzLWNlbnRyYWwxL3ZlcmlmeUVtYWlsL3l0aFhGT3Q1SEpj 200
[debug] [2023-04-20T01:51:21.127Z] <<< [apiv2][body] GET https://cloudfunctions.googleapis.com/v1/operations/c2N5dGhlLWFpL3VzLWNlbnRyYWwxL3ZlcmlmeUVtYWlsL3l0aFhGT3Q1SEpj {"name":"operations/c2N5dGhlLWFpL3VzLWNlbnRyYWwxL3ZlcmlmeUVtYWlsL3l0aFhGT3Q1SEpj","metadata":{"@type":"type.googleapis.com/google.cloud.functions.v1.OperationMetadataV1","target":"projects/scythe-ai/locations/us-central1/functions/verifyEmail","type":"UPDATE_FUNCTION","request":{"@type":"type.googleapis.com/google.cloud.functions.v1.CloudFunction","name":"projects/scythe-ai/locations/us-central1/functions/verifyEmail","httpsTrigger":{"url":"https://us-central1-scythe-ai.cloudfunctions.net/verifyEmail","securityLevel":"SECURE_ALWAYS"},"status":"ACTIVE","entryPoint":"verifyEmail","updateTime":"2023-04-14T16:17:30.896Z","versionId":"3","labels":{"deployment-tool":"cli-firebase","firebase-functions-hash":"0189242bfed429c461e2191a69347e2057b35f68"},"sourceUploadUrl":"https://storage.googleapis.com/uploads-772441126216.us-central1.cloudfunctions.appspot.com/5f60ab51-fbc9-40ab-8e88-2a1e728f28c0.zip?GoogleAccessId=service-356464318622@gcf-admin-robot.iam.gserviceaccount.com&Expires=1681957250&Signature=OGN4gWGU8CB%2FiGlW82hJT1VzxW6mvAFlJpzjErr09Vg%2F8xVJhrM7yXWQwEkZLvkHOjWpCHT7usBzlLJRZTwR0o3NeK93dRpZlzHMdaWd5pOCQR%2FSCVBSIteQlETjo7WKWGhPi2JOx70sp8gaqXJq259WkAHaQ248VhrQh7HDg5vjwOHfq6h12D7UxSxUxEiQEl%2BOF9UFFckZgu3TMdfx7anWld8wKK%2FyO46pGRQHuclK%2F2y8AUjSGTLJ6kUY3MCORjCPFxm697mHJ0U1HFi0%2Bj6HQM0E6Lnn0j%2B7%2BDwZ6lI%2FfspU0OCKu%2BduRg52ZG7%2FeLV1egIbs0N9gaCCJjPzcw%3D%3D","environmentVariables":{"FIREBASE_CONFIG":"{\"projectId\":\"scythe-ai\",\"databaseURL\":\"https://scythe-ai-default-rtdb.firebaseio.com\",\"storageBucket\":\"scythe-ai.appspot.com\"}","GCLOUD_PROJECT":"scythe-ai","EVENTARC_CLOUD_EVENT_SOURCE":"projects/scythe-ai/locations/us-central1/functions/verifyEmail"},"runtime":"nodejs16","buildId":"88490ce2-9b2c-4c98-a3f2-e8c1cc913c72","buildEnvironmentVariables":{"GOOGLE_NODE_RUN_SCRIPTS":""},"buildName":"projects/356464318622/locations/us-central1/builds/88490ce2-9b2c-4c98-a3f2-e8c1cc913c72","dockerRegistry":"ARTIFACT_REGISTRY"},"versionId":"4","updateTime":"2023-04-20T01:50:52Z","buildId":"cd3f28ae-4355-4f41-b998-a3fef1de3532","buildName":"projects/356464318622/locations/us-central1/builds/cd3f28ae-4355-4f41-b998-a3fef1de3532"}}
[debug] [2023-04-20T01:51:31.129Z] [update-default-us-central1-verifyEmail] Retrying task index 0
[debug] [2023-04-20T01:51:31.130Z] >>> [apiv2][query] GET https://cloudfunctions.googleapis.com/v1/operations/c2N5dGhlLWFpL3VzLWNlbnRyYWwxL3ZlcmlmeUVtYWlsL3l0aFhGT3Q1SEpj [none]
[debug] [2023-04-20T01:51:31.419Z] <<< [apiv2][status] GET https://cloudfunctions.googleapis.com/v1/operations/c2N5dGhlLWFpL3VzLWNlbnRyYWwxL3ZlcmlmeUVtYWlsL3l0aFhGT3Q1SEpj 200
[debug] [2023-04-20T01:51:31.419Z] <<< [apiv2][body] GET https://cloudfunctions.googleapis.com/v1/operations/c2N5dGhlLWFpL3VzLWNlbnRyYWwxL3ZlcmlmeUVtYWlsL3l0aFhGT3Q1SEpj {"name":"operations/c2N5dGhlLWFpL3VzLWNlbnRyYWwxL3ZlcmlmeUVtYWlsL3l0aFhGT3Q1SEpj","metadata":{"@type":"type.googleapis.com/google.cloud.functions.v1.OperationMetadataV1","target":"projects/scythe-ai/locations/us-central1/functions/verifyEmail","type":"UPDATE_FUNCTION","request":{"@type":"type.googleapis.com/google.cloud.functions.v1.CloudFunction","name":"projects/scythe-ai/locations/us-central1/functions/verifyEmail","httpsTrigger":{"url":"https://us-central1-scythe-ai.cloudfunctions.net/verifyEmail","securityLevel":"SECURE_ALWAYS"},"status":"ACTIVE","entryPoint":"verifyEmail","updateTime":"2023-04-14T16:17:30.896Z","versionId":"3","labels":{"deployment-tool":"cli-firebase","firebase-functions-hash":"0189242bfed429c461e2191a69347e2057b35f68"},"sourceUploadUrl":"https://storage.googleapis.com/uploads-772441126216.us-central1.cloudfunctions.appspot.com/5f60ab51-fbc9-40ab-8e88-2a1e728f28c0.zip?GoogleAccessId=service-356464318622@gcf-admin-robot.iam.gserviceaccount.com&Expires=1681957250&Signature=OGN4gWGU8CB%2FiGlW82hJT1VzxW6mvAFlJpzjErr09Vg%2F8xVJhrM7yXWQwEkZLvkHOjWpCHT7usBzlLJRZTwR0o3NeK93dRpZlzHMdaWd5pOCQR%2FSCVBSIteQlETjo7WKWGhPi2JOx70sp8gaqXJq259WkAHaQ248VhrQh7HDg5vjwOHfq6h12D7UxSxUxEiQEl%2BOF9UFFckZgu3TMdfx7anWld8wKK%2FyO46pGRQHuclK%2F2y8AUjSGTLJ6kUY3MCORjCPFxm697mHJ0U1HFi0%2Bj6HQM0E6Lnn0j%2B7%2BDwZ6lI%2FfspU0OCKu%2BduRg52ZG7%2FeLV1egIbs0N9gaCCJjPzcw%3D%3D","environmentVariables":{"FIREBASE_CONFIG":"{\"projectId\":\"scythe-ai\",\"databaseURL\":\"https://scythe-ai-default-rtdb.firebaseio.com\",\"storageBucket\":\"scythe-ai.appspot.com\"}","GCLOUD_PROJECT":"scythe-ai","EVENTARC_CLOUD_EVENT_SOURCE":"projects/scythe-ai/locations/us-central1/functions/verifyEmail"},"runtime":"nodejs16","buildId":"88490ce2-9b2c-4c98-a3f2-e8c1cc913c72","buildEnvironmentVariables":{"GOOGLE_NODE_RUN_SCRIPTS":""},"buildName":"projects/356464318622/locations/us-central1/builds/88490ce2-9b2c-4c98-a3f2-e8c1cc913c72","dockerRegistry":"ARTIFACT_REGISTRY"},"versionId":"4","updateTime":"2023-04-20T01:50:52Z","buildId":"cd3f28ae-4355-4f41-b998-a3fef1de3532","buildName":"projects/356464318622/locations/us-central1/builds/cd3f28ae-4355-4f41-b998-a3fef1de3532"}}
[debug] [2023-04-20T01:51:41.420Z] [update-default-us-central1-verifyEmail] Retrying task index 0
[debug] [2023-04-20T01:51:41.421Z] >>> [apiv2][query] GET https://cloudfunctions.googleapis.com/v1/operations/c2N5dGhlLWFpL3VzLWNlbnRyYWwxL3ZlcmlmeUVtYWlsL3l0aFhGT3Q1SEpj [none]
[debug] [2023-04-20T01:51:41.579Z] <<< [apiv2][status] GET https://cloudfunctions.googleapis.com/v1/operations/c2N5dGhlLWFpL3VzLWNlbnRyYWwxL3ZlcmlmeUVtYWlsL3l0aFhGT3Q1SEpj 200
[debug] [2023-04-20T01:51:41.579Z] <<< [apiv2][body] GET https://cloudfunctions.googleapis.com/v1/operations/c2N5dGhlLWFpL3VzLWNlbnRyYWwxL3ZlcmlmeUVtYWlsL3l0aFhGT3Q1SEpj {"name":"operations/c2N5dGhlLWFpL3VzLWNlbnRyYWwxL3ZlcmlmeUVtYWlsL3l0aFhGT3Q1SEpj","metadata":{"@type":"type.googleapis.com/google.cloud.functions.v1.OperationMetadataV1","target":"projects/scythe-ai/locations/us-central1/functions/verifyEmail","type":"UPDATE_FUNCTION","request":{"@type":"type.googleapis.com/google.cloud.functions.v1.CloudFunction","name":"projects/scythe-ai/locations/us-central1/functions/verifyEmail","httpsTrigger":{"url":"https://us-central1-scythe-ai.cloudfunctions.net/verifyEmail","securityLevel":"SECURE_ALWAYS"},"status":"ACTIVE","entryPoint":"verifyEmail","updateTime":"2023-04-14T16:17:30.896Z","versionId":"3","labels":{"deployment-tool":"cli-firebase","firebase-functions-hash":"0189242bfed429c461e2191a69347e2057b35f68"},"sourceUploadUrl":"https://storage.googleapis.com/uploads-772441126216.us-central1.cloudfunctions.appspot.com/5f60ab51-fbc9-40ab-8e88-2a1e728f28c0.zip?GoogleAccessId=service-356464318622@gcf-admin-robot.iam.gserviceaccount.com&Expires=1681957250&Signature=OGN4gWGU8CB%2FiGlW82hJT1VzxW6mvAFlJpzjErr09Vg%2F8xVJhrM7yXWQwEkZLvkHOjWpCHT7usBzlLJRZTwR0o3NeK93dRpZlzHMdaWd5pOCQR%2FSCVBSIteQlETjo7WKWGhPi2JOx70sp8gaqXJq259WkAHaQ248VhrQh7HDg5vjwOHfq6h12D7UxSxUxEiQEl%2BOF9UFFckZgu3TMdfx7anWld8wKK%2FyO46pGRQHuclK%2F2y8AUjSGTLJ6kUY3MCORjCPFxm697mHJ0U1HFi0%2Bj6HQM0E6Lnn0j%2B7%2BDwZ6lI%2FfspU0OCKu%2BduRg52ZG7%2FeLV1egIbs0N9gaCCJjPzcw%3D%3D","environmentVariables":{"FIREBASE_CONFIG":"{\"projectId\":\"scythe-ai\",\"databaseURL\":\"https://scythe-ai-default-rtdb.firebaseio.com\",\"storageBucket\":\"scythe-ai.appspot.com\"}","GCLOUD_PROJECT":"scythe-ai","EVENTARC_CLOUD_EVENT_SOURCE":"projects/scythe-ai/locations/us-central1/functions/verifyEmail"},"runtime":"nodejs16","buildId":"88490ce2-9b2c-4c98-a3f2-e8c1cc913c72","buildEnvironmentVariables":{"GOOGLE_NODE_RUN_SCRIPTS":""},"buildName":"projects/356464318622/locations/us-central1/builds/88490ce2-9b2c-4c98-a3f2-e8c1cc913c72","dockerRegistry":"ARTIFACT_REGISTRY"},"versionId":"4","updateTime":"2023-04-20T01:50:52Z","buildId":"cd3f28ae-4355-4f41-b998-a3fef1de3532","buildName":"projects/356464318622/locations/us-central1/builds/cd3f28ae-4355-4f41-b998-a3fef1de3532"}}
[debug] [2023-04-20T01:51:51.580Z] [update-default-us-central1-verifyEmail] Retrying task index 0
[debug] [2023-04-20T01:51:51.581Z] >>> [apiv2][query] GET https://cloudfunctions.googleapis.com/v1/operations/c2N5dGhlLWFpL3VzLWNlbnRyYWwxL3ZlcmlmeUVtYWlsL3l0aFhGT3Q1SEpj [none]
[debug] [2023-04-20T01:51:51.860Z] <<< [apiv2][status] GET https://cloudfunctions.googleapis.com/v1/operations/c2N5dGhlLWFpL3VzLWNlbnRyYWwxL3ZlcmlmeUVtYWlsL3l0aFhGT3Q1SEpj 200
[debug] [2023-04-20T01:51:51.860Z] <<< [apiv2][body] GET https://cloudfunctions.googleapis.com/v1/operations/c2N5dGhlLWFpL3VzLWNlbnRyYWwxL3ZlcmlmeUVtYWlsL3l0aFhGT3Q1SEpj {"name":"operations/c2N5dGhlLWFpL3VzLWNlbnRyYWwxL3ZlcmlmeUVtYWlsL3l0aFhGT3Q1SEpj","metadata":{"@type":"type.googleapis.com/google.cloud.functions.v1.OperationMetadataV1","target":"projects/scythe-ai/locations/us-central1/functions/verifyEmail","type":"UPDATE_FUNCTION","request":{"@type":"type.googleapis.com/google.cloud.functions.v1.CloudFunction","name":"projects/scythe-ai/locations/us-central1/functions/verifyEmail","httpsTrigger":{"url":"https://us-central1-scythe-ai.cloudfunctions.net/verifyEmail","securityLevel":"SECURE_ALWAYS"},"status":"ACTIVE","entryPoint":"verifyEmail","updateTime":"2023-04-14T16:17:30.896Z","versionId":"3","labels":{"deployment-tool":"cli-firebase","firebase-functions-hash":"0189242bfed429c461e2191a69347e2057b35f68"},"sourceUploadUrl":"https://storage.googleapis.com/uploads-772441126216.us-central1.cloudfunctions.appspot.com/5f60ab51-fbc9-40ab-8e88-2a1e728f28c0.zip?GoogleAccessId=service-356464318622@gcf-admin-robot.iam.gserviceaccount.com&Expires=1681957250&Signature=OGN4gWGU8CB%2FiGlW82hJT1VzxW6mvAFlJpzjErr09Vg%2F8xVJhrM7yXWQwEkZLvkHOjWpCHT7usBzlLJRZTwR0o3NeK93dRpZlzHMdaWd5pOCQR%2FSCVBSIteQlETjo7WKWGhPi2JOx70sp8gaqXJq259WkAHaQ248VhrQh7HDg5vjwOHfq6h12D7UxSxUxEiQEl%2BOF9UFFckZgu3TMdfx7anWld8wKK%2FyO46pGRQHuclK%2F2y8AUjSGTLJ6kUY3MCORjCPFxm697mHJ0U1HFi0%2Bj6HQM0E6Lnn0j%2B7%2BDwZ6lI%2FfspU0OCKu%2BduRg52ZG7%2FeLV1egIbs0N9gaCCJjPzcw%3D%3D","environmentVariables":{"FIREBASE_CONFIG":"{\"projectId\":\"scythe-ai\",\"databaseURL\":\"https://scythe-ai-default-rtdb.firebaseio.com\",\"storageBucket\":\"scythe-ai.appspot.com\"}","GCLOUD_PROJECT":"scythe-ai","EVENTARC_CLOUD_EVENT_SOURCE":"projects/scythe-ai/locations/us-central1/functions/verifyEmail"},"runtime":"nodejs16","buildId":"88490ce2-9b2c-4c98-a3f2-e8c1cc913c72","buildEnvironmentVariables":{"GOOGLE_NODE_RUN_SCRIPTS":""},"buildName":"projects/356464318622/locations/us-central1/builds/88490ce2-9b2c-4c98-a3f2-e8c1cc913c72","dockerRegistry":"ARTIFACT_REGISTRY"},"versionId":"4","updateTime":"2023-04-20T01:50:52Z","buildId":"cd3f28ae-4355-4f41-b998-a3fef1de3532","buildName":"projects/356464318622/locations/us-central1/builds/cd3f28ae-4355-4f41-b998-a3fef1de3532"}}
[debug] [2023-04-20T01:52:01.862Z] [update-default-us-central1-verifyEmail] Retrying task index 0
[debug] [2023-04-20T01:52:01.862Z] >>> [apiv2][query] GET https://cloudfunctions.googleapis.com/v1/operations/c2N5dGhlLWFpL3VzLWNlbnRyYWwxL3ZlcmlmeUVtYWlsL3l0aFhGT3Q1SEpj [none]
[debug] [2023-04-20T01:52:02.008Z] <<< [apiv2][status] GET https://cloudfunctions.googleapis.com/v1/operations/c2N5dGhlLWFpL3VzLWNlbnRyYWwxL3ZlcmlmeUVtYWlsL3l0aFhGT3Q1SEpj 200
[debug] [2023-04-20T01:52:02.008Z] <<< [apiv2][body] GET https://cloudfunctions.googleapis.com/v1/operations/c2N5dGhlLWFpL3VzLWNlbnRyYWwxL3ZlcmlmeUVtYWlsL3l0aFhGT3Q1SEpj {"name":"operations/c2N5dGhlLWFpL3VzLWNlbnRyYWwxL3ZlcmlmeUVtYWlsL3l0aFhGT3Q1SEpj","metadata":{"@type":"type.googleapis.com/google.cloud.functions.v1.OperationMetadataV1","target":"projects/scythe-ai/locations/us-central1/functions/verifyEmail","type":"UPDATE_FUNCTION","request":{"@type":"type.googleapis.com/google.cloud.functions.v1.CloudFunction","name":"projects/scythe-ai/locations/us-central1/functions/verifyEmail","httpsTrigger":{"url":"https://us-central1-scythe-ai.cloudfunctions.net/verifyEmail","securityLevel":"SECURE_ALWAYS"},"status":"ACTIVE","entryPoint":"verifyEmail","updateTime":"2023-04-14T16:17:30.896Z","versionId":"3","labels":{"deployment-tool":"cli-firebase","firebase-functions-hash":"0189242bfed429c461e2191a69347e2057b35f68"},"sourceUploadUrl":"https://storage.googleapis.com/uploads-772441126216.us-central1.cloudfunctions.appspot.com/5f60ab51-fbc9-40ab-8e88-2a1e728f28c0.zip?GoogleAccessId=service-356464318622@gcf-admin-robot.iam.gserviceaccount.com&Expires=1681957250&Signature=OGN4gWGU8CB%2FiGlW82hJT1VzxW6mvAFlJpzjErr09Vg%2F8xVJhrM7yXWQwEkZLvkHOjWpCHT7usBzlLJRZTwR0o3NeK93dRpZlzHMdaWd5pOCQR%2FSCVBSIteQlETjo7WKWGhPi2JOx70sp8gaqXJq259WkAHaQ248VhrQh7HDg5vjwOHfq6h12D7UxSxUxEiQEl%2BOF9UFFckZgu3TMdfx7anWld8wKK%2FyO46pGRQHuclK%2F2y8AUjSGTLJ6kUY3MCORjCPFxm697mHJ0U1HFi0%2Bj6HQM0E6Lnn0j%2B7%2BDwZ6lI%2FfspU0OCKu%2BduRg52ZG7%2FeLV1egIbs0N9gaCCJjPzcw%3D%3D","environmentVariables":{"FIREBASE_CONFIG":"{\"projectId\":\"scythe-ai\",\"databaseURL\":\"https://scythe-ai-default-rtdb.firebaseio.com\",\"storageBucket\":\"scythe-ai.appspot.com\"}","GCLOUD_PROJECT":"scythe-ai","EVENTARC_CLOUD_EVENT_SOURCE":"projects/scythe-ai/locations/us-central1/functions/verifyEmail"},"runtime":"nodejs16","buildId":"88490ce2-9b2c-4c98-a3f2-e8c1cc913c72","buildEnvironmentVariables":{"GOOGLE_NODE_RUN_SCRIPTS":""},"buildName":"projects/356464318622/locations/us-central1/builds/88490ce2-9b2c-4c98-a3f2-e8c1cc913c72","dockerRegistry":"ARTIFACT_REGISTRY"},"versionId":"4","updateTime":"2023-04-20T01:50:52Z","buildId":"cd3f28ae-4355-4f41-b998-a3fef1de3532","buildName":"projects/356464318622/locations/us-central1/builds/cd3f28ae-4355-4f41-b998-a3fef1de3532"}}
